[0.774s] DEBUG:colcon:Command line arguments: ['/usr/bin/colcon', 'build']
[0.774s] DEBUG:colcon:Parsed command line arguments: Namespace(log_base=None, log_level=None, verb_name='build', build_base='build', install_base='install', merge_install=False, symlink_install=False, test_result_base=None, continue_on_error=False, executor='parallel', parallel_workers=12, event_handlers=None, ignore_user_meta=False, metas=['./colcon.meta'], base_paths=['.'], packages_ignore=None, packages_ignore_regex=None, paths=None, packages_up_to=None, packages_up_to_regex=None, packages_above=None, packages_above_and_dependencies=None, packages_above_depth=None, packages_select_by_dep=None, packages_skip_by_dep=None, packages_skip_up_to=None, packages_select_build_failed=False, packages_skip_build_finished=False, packages_select_test_failures=False, packages_skip_test_passed=False, packages_select=None, packages_skip=None, packages_select_regex=None, packages_skip_regex=None, packages_start=None, packages_end=None, allow_overriding=[], cmake_args=None, cmake_target=None, cmake_target_skip_unavailable=False, cmake_clean_cache=False, cmake_clean_first=False, cmake_force_configure=False, ament_cmake_args=None, catkin_cmake_args=None, catkin_skip_building_tests=False, verb_parser=<colcon_defaults.argument_parser.defaults.DefaultArgumentsDecorator object at 0x7f0eff77a0f0>, verb_extension=<colcon_core.verb.build.BuildVerb object at 0x7f0eff779d90>, main=<bound method BuildVerb.main of <colcon_core.verb.build.BuildVerb object at 0x7f0eff779d90>>)
[0.891s] Level 1:colcon.colcon_core.package_discovery:discover_packages(colcon_meta) check parameters
[0.891s] Level 1:colcon.colcon_core.package_discovery:discover_packages(recursive) check parameters
[0.891s] Level 1:colcon.colcon_core.package_discovery:discover_packages(ignore) check parameters
[0.891s] Level 1:colcon.colcon_core.package_discovery:discover_packages(path) check parameters
[0.892s] Level 1:colcon.colcon_core.package_discovery:discover_packages(colcon_meta) discover
[0.892s] Level 1:colcon.colcon_core.package_discovery:discover_packages(recursive) discover
[0.892s] INFO:colcon.colcon_core.package_discovery:Crawling recursively for packages in '/home/yusei/ros2_hm/src/dir_space'
[0.892s] Level 1:colcon.colcon_core.package_identification:_identify(.) by extensions ['ignore', 'ignore_ament_install']
[0.892s] Level 1:colcon.colcon_core.package_identification:_identify(.) by extension 'ignore'
[0.892s] Level 1:colcon.colcon_core.package_identification:_identify(.) by extension 'ignore_ament_install'
[0.892s] Level 1:colcon.colcon_core.package_identification:_identify(.) by extensions ['colcon_pkg']
[0.892s] Level 1:colcon.colcon_core.package_identification:_identify(.) by extension 'colcon_pkg'
[0.892s] Level 1:colcon.colcon_core.package_identification:_identify(.) by extensions ['colcon_meta']
[0.892s] Level 1:colcon.colcon_core.package_identification:_identify(.) by extension 'colcon_meta'
[0.892s] Level 1:colcon.colcon_core.package_identification:_identify(.) by extensions ['ros']
[0.893s] Level 1:colcon.colcon_core.package_identification:_identify(.) by extension 'ros'
[0.966s] DEBUG:colcon.colcon_core.package_identification:Package '.' with type 'ros.ament_python' and name 'dir_space'
[0.966s] Level 1:colcon.colcon_core.package_discovery:discover_packages(recursive) using defaults
[0.966s] Level 1:colcon.colcon_core.package_discovery:discover_packages(ignore) discover
[0.966s] Level 1:colcon.colcon_core.package_discovery:discover_packages(ignore) using defaults
[0.966s] Level 1:colcon.colcon_core.package_discovery:discover_packages(path) discover
[0.966s] Level 1:colcon.colcon_core.package_discovery:discover_packages(path) using defaults
[1.016s] Level 1:colcon.colcon_core.package_discovery:discover_packages(prefix_path) check parameters
[1.016s] Level 1:colcon.colcon_core.package_discovery:discover_packages(prefix_path) discover
[1.026s] DEBUG:colcon.colcon_installed_package_information.package_discovery:Found 1 installed packages in /home/yusei/ros2_hm/install
[1.027s] DEBUG:colcon.colcon_installed_package_information.package_discovery:Found 2 installed packages in /home/yusei/ros2_ws/install
[1.030s] DEBUG:colcon.colcon_installed_package_information.package_discovery:Found 285 installed packages in /opt/ros/jazzy
[1.031s] Level 1:colcon.colcon_core.package_discovery:discover_packages(prefix_path) using defaults
[1.255s] Level 5:colcon.colcon_core.verb:set package 'dir_space' build argument 'cmake_args' from command line to 'None'
[1.256s] Level 5:colcon.colcon_core.verb:set package 'dir_space' build argument 'cmake_target' from command line to 'None'
[1.256s] Level 5:colcon.colcon_core.verb:set package 'dir_space' build argument 'cmake_target_skip_unavailable' from command line to 'False'
[1.256s] Level 5:colcon.colcon_core.verb:set package 'dir_space' build argument 'cmake_clean_cache' from command line to 'False'
[1.256s] Level 5:colcon.colcon_core.verb:set package 'dir_space' build argument 'cmake_clean_first' from command line to 'False'
[1.256s] Level 5:colcon.colcon_core.verb:set package 'dir_space' build argument 'cmake_force_configure' from command line to 'False'
[1.256s] Level 5:colcon.colcon_core.verb:set package 'dir_space' build argument 'ament_cmake_args' from command line to 'None'
[1.256s] Level 5:colcon.colcon_core.verb:set package 'dir_space' build argument 'catkin_cmake_args' from command line to 'None'
[1.256s] Level 5:colcon.colcon_core.verb:set package 'dir_space' build argument 'catkin_skip_building_tests' from command line to 'False'
[1.256s] DEBUG:colcon.colcon_core.verb:Building package 'dir_space' with the following arguments: {'ament_cmake_args': None, 'build_base': '/home/yusei/ros2_hm/src/dir_space/build/dir_space', 'catkin_cmake_args': None, 'catkin_skip_building_tests': False, 'cmake_args': None, 'cmake_clean_cache': False, 'cmake_clean_first': False, 'cmake_force_configure': False, 'cmake_target': None, 'cmake_target_skip_unavailable': False, 'install_base': '/home/yusei/ros2_hm/src/dir_space/install/dir_space', 'merge_install': False, 'path': '/home/yusei/ros2_hm/src/dir_space', 'symlink_install': False, 'test_result_base': None}
[1.256s] INFO:colcon.colcon_core.executor:Executing jobs using 'parallel' executor
[1.259s] DEBUG:colcon.colcon_parallel_executor.executor.parallel:run_until_complete
[1.260s] INFO:colcon.colcon_ros.task.ament_python.build:Building ROS package in '/home/yusei/ros2_hm/src/dir_space' with build type 'ament_python'
[1.260s] Level 1:colcon.colcon_core.shell:create_environment_hook('dir_space', 'ament_prefix_path')
[1.277s] INFO:colcon.colcon_core.plugin_system:Skipping extension 'colcon_core.shell.bat': Not used on non-Windows systems
[1.278s] INFO:colcon.colcon_core.shell:Creating environment hook '/home/yusei/ros2_hm/src/dir_space/install/dir_space/share/dir_space/hook/ament_prefix_path.ps1'
[1.287s] INFO:colcon.colcon_core.shell:Creating environment descriptor '/home/yusei/ros2_hm/src/dir_space/install/dir_space/share/dir_space/hook/ament_prefix_path.dsv'
[1.289s] INFO:colcon.colcon_core.shell:Creating environment hook '/home/yusei/ros2_hm/src/dir_space/install/dir_space/share/dir_space/hook/ament_prefix_path.sh'
[1.292s] INFO:colcon.colcon_core.shell:Skip shell extension 'powershell' for command environment: Not usable outside of PowerShell
[1.292s] DEBUG:colcon.colcon_core.shell:Skip shell extension 'dsv' for command environment
[1.621s] INFO:colcon.colcon_core.task.python.build:Building Python package in '/home/yusei/ros2_hm/src/dir_space'
[1.621s] INFO:colcon.colcon_core.shell:Skip shell extension 'powershell' for command environment: Not usable outside of PowerShell
[1.621s] DEBUG:colcon.colcon_core.shell:Skip shell extension 'dsv' for command environment
[1.076s] DEBUG:colcon.colcon_core.event_handler.log_command:Invoking command in '/home/yusei/ros2_hm/src/dir_space': PYTHONPATH=/home/yusei/ros2_hm/src/dir_space/build/dir_space/prefix_override:/usr/lib/python3/dist-packages/colcon_core/task/python/colcon_distutils_commands:/home/yusei/ros2_hm/src/dir_space/install/dir_space/lib/python3.12/site-packages:${PYTHONPATH} /usr/bin/python3 -W ignore:setup.py install is deprecated setup.py egg_info --egg-base build/dir_space build --build-base /home/yusei/ros2_hm/src/dir_space/build/dir_space/build install --record /home/yusei/ros2_hm/src/dir_space/build/dir_space/install.log --single-version-externally-managed install_data
[1.710s] DEBUG:colcon.colcon_core.event_handler.log_command:Invoked command in '/home/yusei/ros2_hm/src/dir_space' returned '0': PYTHONPATH=/home/yusei/ros2_hm/src/dir_space/build/dir_space/prefix_override:/usr/lib/python3/dist-packages/colcon_core/task/python/colcon_distutils_commands:/home/yusei/ros2_hm/src/dir_space/install/dir_space/lib/python3.12/site-packages:${PYTHONPATH} /usr/bin/python3 -W ignore:setup.py install is deprecated setup.py egg_info --egg-base build/dir_space build --build-base /home/yusei/ros2_hm/src/dir_space/build/dir_space/build install --record /home/yusei/ros2_hm/src/dir_space/build/dir_space/install.log --single-version-externally-managed install_data
[1.728s] Level 1:colcon.colcon_core.environment:checking '/home/yusei/ros2_hm/src/dir_space/install/dir_space' for CMake module files
[1.729s] Level 1:colcon.colcon_core.environment:checking '/home/yusei/ros2_hm/src/dir_space/install/dir_space' for CMake config files
[1.729s] Level 1:colcon.colcon_core.environment:checking '/home/yusei/ros2_hm/src/dir_space/install/dir_space/lib'
[1.730s] Level 1:colcon.colcon_core.environment:checking '/home/yusei/ros2_hm/src/dir_space/install/dir_space/bin'
[1.730s] Level 1:colcon.colcon_core.environment:checking '/home/yusei/ros2_hm/src/dir_space/install/dir_space/lib/pkgconfig/dir_space.pc'
[1.730s] Level 1:colcon.colcon_core.environment:checking '/home/yusei/ros2_hm/src/dir_space/install/dir_space/lib/python3.12/site-packages'
[1.730s] Level 1:colcon.colcon_core.shell:create_environment_hook('dir_space', 'pythonpath')
[1.730s] INFO:colcon.colcon_core.shell:Creating environment hook '/home/yusei/ros2_hm/src/dir_space/install/dir_space/share/dir_space/hook/pythonpath.ps1'
[1.732s] INFO:colcon.colcon_core.shell:Creating environment descriptor '/home/yusei/ros2_hm/src/dir_space/install/dir_space/share/dir_space/hook/pythonpath.dsv'
[1.733s] INFO:colcon.colcon_core.shell:Creating environment hook '/home/yusei/ros2_hm/src/dir_space/install/dir_space/share/dir_space/hook/pythonpath.sh'
[1.734s] Level 1:colcon.colcon_core.environment:checking '/home/yusei/ros2_hm/src/dir_space/install/dir_space/bin'
[1.734s] Level 1:colcon.colcon_core.environment:create_environment_scripts_only(dir_space)
[1.734s] INFO:colcon.colcon_core.shell:Creating package script '/home/yusei/ros2_hm/src/dir_space/install/dir_space/share/dir_space/package.ps1'
[1.737s] INFO:colcon.colcon_core.shell:Creating package descriptor '/home/yusei/ros2_hm/src/dir_space/install/dir_space/share/dir_space/package.dsv'
[1.738s] INFO:colcon.colcon_core.shell:Creating package script '/home/yusei/ros2_hm/src/dir_space/install/dir_space/share/dir_space/package.sh'
[1.740s] INFO:colcon.colcon_core.shell:Creating package script '/home/yusei/ros2_hm/src/dir_space/install/dir_space/share/dir_space/package.bash'
[1.743s] INFO:colcon.colcon_core.shell:Creating package script '/home/yusei/ros2_hm/src/dir_space/install/dir_space/share/dir_space/package.zsh'
[1.744s] Level 1:colcon.colcon_core.environment:create_file_with_runtime_dependencies(/home/yusei/ros2_hm/src/dir_space/install/dir_space/share/colcon-core/packages/dir_space)
[1.748s] DEBUG:colcon.colcon_parallel_executor.executor.parallel:closing loop
[1.749s] DEBUG:colcon.colcon_parallel_executor.executor.parallel:loop closed
[1.749s] DEBUG:colcon.colcon_parallel_executor.executor.parallel:run_until_complete finished with '0'
[1.749s] DEBUG:colcon.colcon_core.event_reactor:joining thread
[1.870s] INFO:colcon.colcon_core.plugin_system:Skipping extension 'colcon_notification.desktop_notification.notify_send': Could not find 'notify-send'
[1.870s] INFO:colcon.colcon_core.plugin_system:Skipping extension 'colcon_notification.desktop_notification.terminal_notifier': Not used on non-Darwin systems
[1.870s] INFO:colcon.colcon_core.plugin_system:Skipping extension 'colcon_notification.desktop_notification.win32': Not used on non-Windows systems
[1.870s] INFO:colcon.colcon_notification.desktop_notification:Sending desktop notification using 'notify2'
[1.886s] DEBUG:colcon.colcon_notification.desktop_notification.notify2:Failed to initialize notify2: org.freedesktop.DBus.Error.ServiceUnknown: The name org.freedesktop.Notifications was not provided by any .service files
[1.887s] DEBUG:colcon.colcon_core.event_reactor:joined thread
[1.887s] INFO:colcon.colcon_core.shell:Creating prefix script '/home/yusei/ros2_hm/src/dir_space/install/local_setup.ps1'
[1.889s] INFO:colcon.colcon_core.shell:Creating prefix util module '/home/yusei/ros2_hm/src/dir_space/install/_local_setup_util_ps1.py'
[1.893s] INFO:colcon.colcon_core.shell:Creating prefix chain script '/home/yusei/ros2_hm/src/dir_space/install/setup.ps1'
[1.896s] INFO:colcon.colcon_core.shell:Creating prefix script '/home/yusei/ros2_hm/src/dir_space/install/local_setup.sh'
[1.899s] INFO:colcon.colcon_core.shell:Creating prefix util module '/home/yusei/ros2_hm/src/dir_space/install/_local_setup_util_sh.py'
[1.900s] INFO:colcon.colcon_core.shell:Creating prefix chain script '/home/yusei/ros2_hm/src/dir_space/install/setup.sh'
[1.902s] INFO:colcon.colcon_core.shell:Creating prefix script '/home/yusei/ros2_hm/src/dir_space/install/local_setup.bash'
[1.904s] INFO:colcon.colcon_core.shell:Creating prefix chain script '/home/yusei/ros2_hm/src/dir_space/install/setup.bash'
[1.907s] INFO:colcon.colcon_core.shell:Creating prefix script '/home/yusei/ros2_hm/src/dir_space/install/local_setup.zsh'
[1.909s] INFO:colcon.colcon_core.shell:Creating prefix chain script '/home/yusei/ros2_hm/src/dir_space/install/setup.zsh'
